GROUP,PACKAGE,CLASS,INSTRUCTION_MISSED,INSTRUCTION_COVERED,BRANCH_MISSED,BRANCH_COVERED,LINE_MISSED,LINE_COVERED,COMPLEXITY_MISSED,COMPLEXITY_COVERED,METHOD_MISSED,METHOD_COVERED
centerlearn-web,com.nhatanh.centerlearn.web.view,WebViewDecorator,28,0,2,0,9,0,5,0,4,0
centerlearn-web,com.nhatanh.centerlearn.web.controller.view,WebLearnCourseController,8,0,0,0,4,0,2,0,2,0
centerlearn-web,com.nhatanh.centerlearn.web.controller.view,HomeController,8,0,0,0,4,0,2,0,2,0
centerlearn-web,com.nhatanh.centerlearn.web.controller.view,WebLearnBlogController,8,0,0,0,4,0,2,0,2,0
